<?xml version="1.0" encoding="UTF-8"?>
<testng-results ignored="0" total="1" passed="1" failed="0" skipped="0">
  <reporter-output>
  </reporter-output>
  <suite started-at="2022-10-27T09:30:36 IST" name="Default suite" finished-at="2022-10-27T09:30:52 IST" duration-ms="15229">
    <groups>
      <group name="cucumber">
        <method signature="AbstractTestNGCucumberTests.runScenario(io.cucumber.testng.PickleWrapper,io.cucumber.testng.FeatureWrapper)[pri:0, instance:Org.com.TestRunner.TestRunner@2ab4bc72]" name="runScenario" class="io.cucumber.testng.AbstractTestNGCucumberTests"/>
      </group> <!-- cucumber -->
    </groups>
    <test started-at="2022-10-27T09:30:36 IST" name="Default test" finished-at="2022-10-27T09:30:52 IST" duration-ms="15229">
      <class name="Org.com.TestRunner.TestRunner">
        <test-method is-config="true" signature="setUpClass(org.testng.ITestContext)[pri:0, instance:Org.com.TestRunner.TestRunner@2ab4bc72]" started-at="2022-10-27T09:30:36 IST" name="setUpClass" finished-at="2022-10-27T09:30:37 IST" duration-ms="1134" status="PASS">
          <params>
            <param index="0">
              <value>
                <![CDATA[org.testng.TestRunner@1e5b33e5]]>
              </value>
            </param>
          </params>
          <reporter-output>
          </reporter-output>
        </test-method> <!-- setUpClass -->
        <test-method signature="runScenario(io.cucumber.testng.PickleWrapper,io.cucumber.testng.FeatureWrapper)[pri:0, instance:Org.com.TestRunner.TestRunner@2ab4bc72]" started-at="2022-10-27T09:30:37 IST" name="runScenario" description="Runs Cucumber Scenarios" data-provider="scenarios" finished-at="2022-10-27T09:30:49 IST" duration-ms="11646" status="PASS">
          <params>
            <param index="0">
              <value>
                <![CDATA["Framework Testing"]]>
              </value>
            </param>
            <param index="1">
              <value>
                <![CDATA["Demo"]]>
              </value>
            </param>
          </params>
          <reporter-output>
          </reporter-output>
        </test-method> <!-- runScenario -->
        <test-method is-config="true" signature="tearDownClass()[pri:0, instance:Org.com.TestRunner.TestRunner@2ab4bc72]" started-at="2022-10-27T09:30:49 IST" name="tearDownClass" finished-at="2022-10-27T09:30:52 IST" duration-ms="2374" status="PASS">
          <reporter-output>
          </reporter-output>
        </test-method> <!-- tearDownClass -->
      </class> <!-- Org.com.TestRunner.TestRunner -->
    </test> <!-- Default test -->
  </suite> <!-- Default suite -->
</testng-results>
